<?xml version="1.0" encoding="UTF-8"?>
<!-- Generated by org.testng.reporters.JUnitReportReporter -->
<testsuite hostname="LAPTOP-RK4E0QFO" failures="0" tests="1" name="seleniumGrid.GridExample" time="60.446" errors="0" timestamp="2022-12-28T20:46:42 IST" skipped="0">
  <testcase classname="seleniumGrid.GridExample" name="gridDemo" time="60.446"/>
  <system-out/>
</testsuite> <!-- seleniumGrid.GridExample -->
